<?xml version="1.0" encoding="UTF-8"?>
<testng-results ignored="0" total="5" passed="5" failed="0" skipped="0">
  <reporter-output>
  </reporter-output>
  <suite started-at="2023-09-08T03:51:22 EEST" name="Default suite" finished-at="2023-09-08T03:51:32 EEST" duration-ms="10267">
    <groups>
    </groups>
    <test started-at="2023-09-08T03:51:22 EEST" name="Default test" finished-at="2023-09-08T03:51:32 EEST" duration-ms="10267">
      <class name="technicalchannellTestcases.AddandRemoveTestcase">
        <test-method is-config="true" signature="startDriver()[pri:0, instance:technicalchannellTestcases.AddandRemoveTestcase@53fe15ff]" started-at="2023-09-08T03:51:15 EEST" name="startDriver" finished-at="2023-09-08T03:51:22 EEST" duration-ms="6218" status="PASS">
          <reporter-output>
          </reporter-output>
        </test-method> <!-- startDriver -->
        <test-method signature="loginintoSwag()[pri:1, instance:technicalchannellTestcases.AddandRemoveTestcase@53fe15ff]" started-at="2023-09-08T03:51:22 EEST" name="loginintoSwag" finished-at="2023-09-08T03:51:23 EEST" duration-ms="1444" status="PASS">
          <reporter-output>
          </reporter-output>
        </test-method> <!-- loginintoSwag -->
        <test-method signature="additemtocart()[pri:2, instance:technicalchannellTestcases.AddandRemoveTestcase@53fe15ff]" started-at="2023-09-08T03:51:23 EEST" name="additemtocart" finished-at="2023-09-08T03:51:25 EEST" duration-ms="2091" status="PASS">
          <reporter-output>
          </reporter-output>
        </test-method> <!-- additemtocart -->
        <test-method signature="RemovefromCart()[pri:3, instance:technicalchannellTestcases.AddandRemoveTestcase@53fe15ff]" started-at="2023-09-08T03:51:25 EEST" name="RemovefromCart" finished-at="2023-09-08T03:51:29 EEST" duration-ms="3486" status="PASS">
          <reporter-output>
          </reporter-output>
        </test-method> <!-- RemovefromCart -->
        <test-method signature="additemtocart2()[pri:4, instance:technicalchannellTestcases.AddandRemoveTestcase@53fe15ff]" started-at="2023-09-08T03:51:29 EEST" name="additemtocart2" finished-at="2023-09-08T03:51:31 EEST" duration-ms="2078" status="PASS">
          <reporter-output>
          </reporter-output>
        </test-method> <!-- additemtocart2 -->
        <test-method signature="RemoveFromProduct()[pri:5, instance:technicalchannellTestcases.AddandRemoveTestcase@53fe15ff]" started-at="2023-09-08T03:51:31 EEST" name="RemoveFromProduct" finished-at="2023-09-08T03:51:32 EEST" duration-ms="1084" status="PASS">
          <reporter-output>
          </reporter-output>
        </test-method> <!-- RemoveFromProduct -->
      </class> <!-- technicalchannellTestcases.AddandRemoveTestcase -->
    </test> <!-- Default test -->
  </suite> <!-- Default suite -->
</testng-results>
